Log file open, 02/11/18 16:13:26
LogInit:Display: Running engine for game: Grav_Comp
LogPlatformFile: Not using cached read wrapper
LogInit:Display: RandInit(1081182972) SRandInit(1081182972).
LogTaskGraph: Started task graph with 5 named threads and 8 total threads with 1 sets of task threads.
LogStats: Stats thread started at 0.096949
LogInit: Using libcurl 7.47.1
LogInit:  - built for x86_64-pc-win32
LogInit:  - supports SSL with OpenSSL/1.0.2g
LogInit:  - supports HTTP deflate (compression) using libz 1.2.8
LogInit:  - other features:
LogInit:      CURL_VERSION_SSL
LogInit:      CURL_VERSION_LIBZ
LogInit:      CURL_VERSION_IPV6
LogInit:      CURL_VERSION_ASYNCHDNS
LogInit:      CURL_VERSION_LARGEFILE
LogInit:      CURL_VERSION_IDN
LogInit:  CurlRequestOptions (configurable via config and command line):
LogInit:  - bVerifyPeer = false  - Libcurl will NOT verify peer certificate
LogInit:  - bUseHttpProxy = false  - Libcurl will NOT use HTTP proxy
LogInit:  - bDontReuseConnections = false  - Libcurl will reuse connections
LogInit:  - CertBundlePath = nullptr  - Libcurl will use whatever was configured at build time.
OCULUS: Info: [CAPI] LibOVR module is located at C:\Program Files\Oculus\Support\oculus-runtime\LibOVRRT64_1.dll
OCULUS: Debug: Connected to the server running version (prod = 1).1.23.0(build = 528114) feature version = 0. Client runs version (prod = 1).1.23.0(build = 0) feature version = 0
OCULUS: Debug: [HMDState] Using default profile default
OCULUS: Info: IAD changed to 69.1mm
OCULUS: Debug: Creating factory
LogHMD: GearVR: Emulating GearVR using Oculus Rift!
LogInit: Build: ++UE4+Release-4.16-CL-3561208
LogInit: Engine Version: 4.16.3-3561208+++UE4+Release-4.16
LogInit: Compatible Engine Version: 4.16.0-3452394+++UE4+Release-4.16
LogInit: Net CL: 3452394
LogDevObjectVersion: Number of dev versions registered: 16
LogDevObjectVersion:   Dev-Blueprints (B0D832E4-1F89-4F0D-ACCF-7EB736FD4AA2): 9
LogDevObjectVersion:   Dev-Build (E1C64328-A22C-4D53-A36C-8E866417BD8C): 0
LogDevObjectVersion:   Dev-Core (375EC13C-06E4-48FB-B500-84F0262A717E): 2
LogDevObjectVersion:   Dev-Editor (E4B068ED-F494-42E9-A231-DA0B2E46BB41): 17
LogDevObjectVersion:   Dev-Framework (CFFC743F-43B0-4480-9391-14DF171D2073): 23
LogDevObjectVersion:   Dev-Mobile (B02B49B5-BB20-44E9-A304-32B752E40360): 0
LogDevObjectVersion:   Dev-Networking (A4E4105C-59A1-49B5-A7C5-40C4547EDFEE): 0
LogDevObjectVersion:   Dev-Online (39C831C9-5AE6-47DC-9A44-9C173E1C8E7C): 0
LogDevObjectVersion:   Dev-Physics (78F01B33-EBEA-4F98-B9B4-84EACCB95AA2): 0
LogDevObjectVersion:   Dev-Platform (6631380F-2D4D-43E0-8009-CF276956A95A): 0
LogDevObjectVersion:   Dev-Rendering (12F88B9F-8875-4AFC-A67C-D90C383ABD29): 15
LogDevObjectVersion:   Dev-Sequencer (7B5AE74C-D270-4C10-A958-57980B212A5A): 4
LogDevObjectVersion:   Dev-VR (D7296918-1DD6-4BDD-9DE2-64A83CC13884): 0
LogDevObjectVersion:   Dev-LoadTimes (C2A15278-BFE7-4AFE-6C17-90FF531DF755): 1
LogDevObjectVersion:   Private-Geometry (6EACA3D4-40EC-4CC1-B786-8BED09428FC5): 1
LogDevObjectVersion:   Dev-AnimPhys (29E575DD-E0A3-4627-9D10-D276232CDCEA): 3
LogInit: Compiled (64-bit): Jul 28 2017 11:49:47
LogInit: Compiled with Visual C++: 19.00.24215.01
LogInit: Build Configuration: Development
LogInit: Branch Name: ++UE4+Release-4.16
LogInit: Command line:  
LogInit: Base directory: C:/Program Files/Epic Games/UE_4.16/Engine/Binaries/Win64/
LogInit: Installed Engine Build: 1
LogInit: Presizing for max 8388607 objects, including 0 objects not considered by GC, pre-allocating 0 bytes for permanent pool.
LogInit: Object subsystem initialized
[2018.02.11-16.13.33:071][  0]LogInit: Selected Device Profile: [Windows]
[2018.02.11-16.13.33:071][  0]LogInit: Applying CVar settings loaded from the selected device profile: [Windows]
[2018.02.11-16.13.33:219][  0]LogInit: Computer: RYAN
[2018.02.11-16.13.33:219][  0]LogInit: User: Ryan
[2018.02.11-16.13.33:219][  0]LogInit: CPU Page size=4096, Cores=4
[2018.02.11-16.13.33:219][  0]LogInit: High frequency timer resolution =3.319335 MHz
[2018.02.11-16.13.33:238][  0]LogMemory: Memory total: Physical=8.0GB (8GB approx)
[2018.02.11-16.13.33:238][  0]LogMemory: Platform Memory Stats for Windows
[2018.02.11-16.13.33:238][  0]LogMemory: Process Physical Memory: 276.09 MB used, 276.09 MB peak
[2018.02.11-16.13.33:238][  0]LogMemory: Process Virtual Memory: 260.74 MB used, 260.74 MB peak
[2018.02.11-16.13.33:238][  0]LogMemory: Physical Memory: 5068.39 MB used,  3104.75 MB free, 8173.14 MB total
[2018.02.11-16.13.33:238][  0]LogMemory: Virtual Memory: 703.18 MB used,  3104.75 MB free, 134217728.00 MB total
[2018.02.11-16.13.40:421][  0]LogInit: Using OS detected language (en-US).
[2018.02.11-16.13.40:421][  0]LogInit: Using OS detected locale (en-GB).
[2018.02.11-16.13.40:508][  0]LogTextLocalizationManager: No specific localization for 'en-US' exists, so the 'en' localization will be used.
[2018.02.11-16.13.45:246][  0]LogD3D11RHI: D3D11 adapters:
[2018.02.11-16.13.45:290][  0]LogD3D11RHI:    0. 'AMD Radeon R9 200 Series' (Feature Level 11_0)
[2018.02.11-16.13.45:290][  0]LogD3D11RHI:       4072/0/4086 MB DedicatedVideo/DedicatedSystem/SharedSystem, Outputs:1, VendorId:0x1002
[2018.02.11-16.13.45:292][  0]LogD3D11RHI:    1. 'Microsoft Basic Render Driver' (Feature Level 11_0)
[2018.02.11-16.13.45:292][  0]LogD3D11RHI:       0/0/4086 MB DedicatedVideo/DedicatedSystem/SharedSystem, Outputs:0, VendorId:0x1414
[2018.02.11-16.13.45:292][  0]LogD3D11RHI: Chosen D3D11 Adapter: 0
[2018.02.11-16.13.45:340][  0]LogD3D11RHI: Creating new Direct3DDevice
[2018.02.11-16.13.45:346][  0]LogD3D11RHI:     GPU DeviceId: 0x67b0 (for the marketing name, search the web for "GPU Device Id")
[2018.02.11-16.13.45:346][  0]LogWindows: EnumDisplayDevices:
[2018.02.11-16.13.45:346][  0]LogWindows:    0. 'AMD Radeon R9 200 Series' (P:1 D:1)
[2018.02.11-16.13.45:346][  0]LogWindows:    1. 'AMD Radeon R9 200 Series' (P:0 D:0)
[2018.02.11-16.13.45:346][  0]LogWindows:    2. 'AMD Radeon R9 200 Series' (P:0 D:0)
[2018.02.11-16.13.45:347][  0]LogWindows:    3. 'AMD Radeon R9 200 Series' (P:0 D:0)
[2018.02.11-16.13.45:347][  0]LogWindows:    4. 'AMD Radeon R9 200 Series' (P:0 D:0)
[2018.02.11-16.13.45:347][  0]LogWindows:    5. 'AMD Radeon R9 200 Series' (P:0 D:0)
[2018.02.11-16.13.45:347][  0]LogWindows:    6. 'AMD Radeon R9 200 Series' (P:0 D:0)
[2018.02.11-16.13.45:347][  0]LogWindows:    7. 'AMD Radeon R9 200 Series' (P:0 D:0)
[2018.02.11-16.13.45:347][  0]LogWindows:    8. 'AMD Radeon R9 200 Series' (P:0 D:0)
[2018.02.11-16.13.45:347][  0]LogWindows:    9. 'AMD Radeon R9 200 Series' (P:0 D:0)
[2018.02.11-16.13.45:347][  0]LogWindows:    10. 'AMD Radeon R9 200 Series' (P:0 D:0)
[2018.02.11-16.13.45:348][  0]LogWindows:    11. 'AMD Radeon R9 200 Series' (P:0 D:0)
[2018.02.11-16.13.45:348][  0]LogWindows:    12. 'AMD Radeon R9 200 Series' (P:0 D:0)
[2018.02.11-16.13.45:348][  0]LogWindows:    13. 'AMD Radeon R9 200 Series' (P:0 D:0)
[2018.02.11-16.13.45:348][  0]LogWindows:    14. 'AMD Radeon R9 200 Series' (P:0 D:0)
[2018.02.11-16.13.45:348][  0]LogWindows:    15. 'AMD Radeon R9 200 Series' (P:0 D:0)
[2018.02.11-16.13.45:348][  0]LogWindows: DebugString: GetVideoDriverDetailsInvalid PrimaryIsNotTheChoosenAdapter GetVideoDriverDetailsInvalid PrimaryIsNotTheChoosenAdapter GetVideoDriverDetailsInvalid PrimaryIsNotTheChoosenAdapter GetVideoDriverDetailsInvalid PrimaryIsNotTheChoosenAdapter GetVideoDriverDetailsInvalid PrimaryIsNotTheChoosenAdapter GetVideoDriverDetailsInvalid PrimaryIsNotTheChoosenAdapter GetVideoDriverDetailsInvalid PrimaryIsNotTheChoosenAdapter GetVideoDriverDetailsInvalid PrimaryIsNotTheChoosenAdapter GetVideoDriverDetailsInvalid PrimaryIsNotTheChoosenAdapter GetVideoDriverDetailsInvalid PrimaryIsNotTheChoosenAdapter GetVideoDriverDetailsInvalid PrimaryIsNotTheChoosenAdapter GetVideoDriverDetailsInvalid PrimaryIsNotTheChoosenAdapter GetVideoDriverDetailsInvalid PrimaryIsNotTheChoosenAdapter GetVideoDriverDetailsInvalid PrimaryIsNotTheChoosenAdapter GetVideoDriverDetailsInvalid PrimaryIsNotTheChoosenAdapter GetVideoDriverDetailsInvalid PrimaryIsNotTheChoosenAdapter FoundDriverCount:0 
[2018.02.11-16.13.45:348][  0]LogD3D11RHI:     Adapter Name: AMD Radeon R9 200 Series
[2018.02.11-16.13.45:348][  0]LogD3D11RHI:   Driver Version: Unknown (internal:Unknown, unified:Unknown)
[2018.02.11-16.13.45:348][  0]LogD3D11RHI:      Driver Date: Unknown
[2018.02.11-16.13.45:357][  0]LogRHI: Texture pool is 1361 MB (70% of 1945 MB)
[2018.02.11-16.13.45:695][  0]LogD3D11RHI: Async texture creation enabled
[2018.02.11-16.13.45:870][  0]LogD3D11RHI: GPU Timing Frequency: 27.000000 (Debug: 2 1)
[2018.02.11-16.13.45:927][  0]LogShaderCompilers: Guid format shader working directory is -2 characters bigger than the processId version (../../../../../../Users/Ryan/Desktop/Grav_Comp/Intermediate/Shaders/WorkingDirectory/13256/).
[2018.02.11-16.13.45:927][  0]LogShaderCompilers: Cleaned the shader compiler working directory 'C:/Users/Ryan/AppData/Local/Temp/UnrealShaderWorkingDir/008479944175E16BA8B8DBBD225629EB/'.
[2018.02.11-16.13.45:930][  0]LogShaderCompilers:Display: Using Local Shader Compiler.
[2018.02.11-16.13.50:968][  0]LogTemp:Display: Loaded TP AllDesktopTargetPlatform
[2018.02.11-16.13.51:043][  0]LogTemp:Display: Loaded TP MacClientTargetPlatform
[2018.02.11-16.13.51:179][  0]LogTemp:Display: Loaded TP MacNoEditorTargetPlatform
[2018.02.11-16.13.51:298][  0]LogTemp:Display: Loaded TP MacServerTargetPlatform
[2018.02.11-16.13.51:458][  0]LogTemp:Display: Loaded TP MacTargetPlatform
[2018.02.11-16.13.51:546][  0]LogTemp:Display: Loaded TP WindowsClientTargetPlatform
[2018.02.11-16.13.51:639][  0]LogTemp:Display: Loaded TP WindowsNoEditorTargetPlatform
[2018.02.11-16.13.51:724][  0]LogTemp:Display: Loaded TP WindowsServerTargetPlatform
[2018.02.11-16.13.51:968][  0]LogTemp:Display: Loaded TP WindowsTargetPlatform
[2018.02.11-16.13.52:057][  0]LogTemp:Display: Loaded TP AndroidTargetPlatform
[2018.02.11-16.13.52:135][  0]LogTemp:Display: Loaded TP Android_ASTCTargetPlatform
[2018.02.11-16.13.52:213][  0]LogTemp:Display: Loaded TP Android_ATCTargetPlatform
[2018.02.11-16.13.52:286][  0]LogTemp:Display: Loaded TP Android_DXTTargetPlatform
[2018.02.11-16.13.52:358][  0]LogTemp:Display: Loaded TP Android_ETC1TargetPlatform
[2018.02.11-16.13.52:430][  0]LogTemp:Display: Loaded TP Android_ETC2TargetPlatform
[2018.02.11-16.13.52:584][  0]LogTemp:Display: Loaded TP Android_MultiTargetPlatform
[2018.02.11-16.13.52:585][  0]LogTemp:Display: Loaded TP Android_PVRTCTargetPlatform
[2018.02.11-16.13.52:645][  0]LogTemp:Display: Loaded TP HTML5TargetPlatform
[2018.02.11-16.13.52:791][  0]LogTemp:Display: Loaded TP IOSTargetPlatform
[2018.02.11-16.13.52:835][  0]LogTemp:Display: Loaded TP TVOSTargetPlatform
[2018.02.11-16.13.52:914][  0]LogTemp:Display: Loaded TP LinuxClientTargetPlatform
[2018.02.11-16.13.52:988][  0]LogTemp:Display: Loaded TP LinuxNoEditorTargetPlatform
[2018.02.11-16.13.53:069][  0]LogTemp:Display: Loaded TP LinuxServerTargetPlatform
[2018.02.11-16.13.53:155][  0]LogTemp:Display: Loaded TP LinuxTargetPlatform
[2018.02.11-16.13.53:155][  0]LogTargetPlatformManager:Display: Building Assets For Windows
[2018.02.11-16.13.54:257][  0]LogDerivedDataCache:Display: Max Cache Size: 512 MB
[2018.02.11-16.13.55:167][  0]LogDerivedDataCache: Loaded boot cache 0.91s 90MB C:/Users/Ryan/AppData/Local/UnrealEngine/4.16/DerivedDataCache/Boot.ddc.
[2018.02.11-16.13.55:168][  0]LogDerivedDataCache:Display: Loaded Boot cache: C:/Users/Ryan/AppData/Local/UnrealEngine/4.16/DerivedDataCache/Boot.ddc
[2018.02.11-16.13.55:168][  0]LogDerivedDataCache: FDerivedDataBackendGraph:  Pak pak cache file ../../../../../../Users/Ryan/Desktop/Grav_Comp/DerivedDataCache/DDC.ddp not found, will not use a pak cache.
[2018.02.11-16.13.55:168][  0]LogDerivedDataCache: Unable to find inner node Pak for hierarchical cache Hierarchy.
[2018.02.11-16.13.55:168][  0]LogDerivedDataCache: FDerivedDataBackendGraph:  CompressedPak pak cache file ../../../../../../Users/Ryan/Desktop/Grav_Comp/DerivedDataCache/Compressed.ddp not found, will not use a pak cache.
[2018.02.11-16.13.55:168][  0]LogDerivedDataCache: Unable to find inner node CompressedPak for hierarchical cache Hierarchy.
[2018.02.11-16.13.55:209][  0]LogDerivedDataCache:Display: Pak cache opened for reading ../../../Engine/DerivedDataCache/Compressed.ddp.
[2018.02.11-16.13.55:221][  0]LogDerivedDataCache: Using Local data cache path C:/Users/Ryan/AppData/Local/UnrealEngine/Common/DerivedDataCache: Writable
[2018.02.11-16.13.55:256][  0]LogMaterial: Verifying Global Shaders for PCD3D_SM5
[2018.02.11-16.13.55:272][  0]LogSlate: Using Freetype 2.6.0
[2018.02.11-16.13.55:303][  0]LogSlate: SlateFontCache - WITH_FREETYPE: 1, WITH_HARFBUZZ: 1
[2018.02.11-16.13.55:303][  0]LogSlate: SlateFontCache - WITH_FREETYPE: 1, WITH_HARFBUZZ: 1
[2018.02.11-16.13.57:580][  0]LogInit: Selected Device Profile: [Windows]
[2018.02.11-16.13.57:736][  0]LogConfig:Warning: Failed to saved backup for config[GameplayTagsList]
[2018.02.11-16.13.59:530][  0]LogContentStreaming: Texture pool size is 0.00 MB
[2018.02.11-16.13.59:940][  0]LogMeshUtilities: Using QuadricMeshReduction for automatic static mesh reduction
[2018.02.11-16.14.00:049][  0]LogSimplygon: Simplygon DLL not present - disabling.
[2018.02.11-16.14.00:134][  0]LogMeshUtilities: Using SimplygonSwarm for distributed automatic mesh merging
[2018.02.11-16.14.00:134][  0]LogMeshUtilities: No automatic skeletal mesh reduction module available
[2018.02.11-16.14.00:134][  0]LogMeshUtilities: No automatic mesh merging module available
[2018.02.11-16.14.04:420][  0]LogNetVersion: Grav_Comp , NetCL: 3452394, EngineNetVer: 2, GameNetVer: 0 (Checksum: 272363114)
[2018.02.11-16.14.04:602][  0]LogAssetRegistry: FAssetRegistry took 0.0274 seconds to start up
[2018.02.11-16.14.06:686][  0]LogPackageLocalizationCache: Processed 4 localized package path(s) for 2 prioritized culture(s) in 2.034908 seconds
[2018.02.11-16.14.06:694][  0]LogUObjectArray: 34194 objects as part of root set at end of initial load.
[2018.02.11-16.14.06:694][  0]LogUObjectAllocator: 7260416 out of 0 bytes used by permanent object pool.
[2018.02.11-16.14.06:694][  0]LogUObjectArray: CloseDisregardForGC: 0/0 objects in disregard for GC pool
[2018.02.11-16.14.06:826][  0]LogInit: WinSock: version 1.1 (2.2), MaxSocks=32767, MaxUdp=65467
[2018.02.11-16.14.23:542][  0]LogTcpMessaging: Initializing TcpMessaging bridge
[2018.02.11-16.14.23:635][  0]LogUdpMessaging: Initializing bridge on interface 0.0.0.0:0 to multicast group 230.0.0.1:6666.
[2018.02.11-16.14.24:759][  0]LogMaterial: Uniform references updated for custom material expression Custom.
[2018.02.11-16.14.25:496][  0]LogAssetRegistry:Error: Failed to open file for write ../../../../../../Users/Ryan/Desktop/Grav_Comp/Intermediate/CachedAssetRegistry.bin
[2018.02.11-16.14.25:496][  0]SourceControl: Info Source control is disabled
[2018.02.11-16.14.25:821][  0]SourceControl: Info Source control is disabled
[2018.02.11-16.14.25:961][  0]SourceControl: Info Source control is disabled
[2018.02.11-16.14.26:066][  0]SourceControl: Info Source control is disabled
[2018.02.11-16.14.28:821][  0]LogAndroidPermission: UAndroidPermissionCallbackProxy::GetInstance
[2018.02.11-16.14.29:836][  0]LogEngine: Initializing Engine...
[2018.02.11-16.14.29:849][  0]LogHMD: Oculus plugin initialized. Version: 4.16.3-3561208+++UE4+Release-4.16, LibOVR: 1.23.0, SDK: 1.12.0, built Jul 28 2017, 11:57:22
[2018.02.11-16.14.30:019][  0]OCULUS: Debug: [HMDState] Using default profile default
[2018.02.11-16.14.30:019][  0]OCULUS: Info: IAD changed to 69.1mm
[2018.02.11-16.14.30:157][  0]LogStats: UGameplayTagsManager::ConstructGameplayTagTree: Construct from data asset -  0.000 s
[2018.02.11-16.14.30:159][  0]LogStats: UGameplayTagsManager::ConstructGameplayTagTree: GameplayTagTreeChangedEvent.Broadcast -  0.001 s
[2018.02.11-16.14.30:513][  0]LogAIModule: Creating AISystem for world Untitled
[2018.02.11-16.14.30:624][  0]LogInit: XAudio2 using 'Speakers (USB Audio Device)' : 2 channels at 48 kHz using 16 bits per sample (channel mask 0x3)
[2018.02.11-16.14.30:656][  0]LogInit: FAudioDevice initialized.
[2018.02.11-16.14.30:712][  0]LogDerivedDataCache: Saved boot cache 0.06s 90MB C:/Users/Ryan/AppData/Local/UnrealEngine/4.16/DerivedDataCache/Boot.ddc.
[2018.02.11-16.14.30:734][  0]LogInit: Texture streaming: Enabled
[2018.02.11-16.14.30:866][  0]LogEngineSessionManager: EngineSessionManager initialized
[2018.02.11-16.14.31:285][  0]LogInit: Transaction tracking system initialized
[2018.02.11-16.14.31:829][  0]BlueprintLog: New page: Editor Load
[2018.02.11-16.14.36:466][  0]LocalizationService: Info Localization service is disabled
[2018.02.11-16.14.37:699][  0]LogConsoleResponse:Display: 
[2018.02.11-16.14.38:024][  0]LogFileCache: Scanning file cache for directory 'C:/Users/Ryan/Desktop/Grav_Comp/Content/' took 0.02s
[2018.02.11-16.14.38:024][  0]LogCook:Display: Max memory allowance for cook 16384mb min free memory 0mb
[2018.02.11-16.14.38:024][  0]LogCook:Display: Mobile HDR setting 1
[2018.02.11-16.14.39:810][  0]SourceControl: Info Source control is disabled
[2018.02.11-16.14.39:818][  0]Cmd: MAP LOAD FILE="../../../Engine/Content/Maps/Templates/Template_Default.umap" TEMPLATE=1 SHOWPROGRESS=1 FEATURELEVEL=3
[2018.02.11-16.14.39:823][  0]LightingResults: New page: Lighting Build
[2018.02.11-16.14.39:924][  0]MapCheck: New page: Map Check
[2018.02.11-16.14.39:924][  0]LightingResults: New page: Lighting Build
[2018.02.11-16.14.40:439][  0]LogAIModule: Creating AISystem for world Untitled_1
[2018.02.11-16.14.40:442][  0]LogActorComponent: RegisterComponentWithWorld: (/Temp/Untitled_1.Untitled_1:PersistentLevel.WorldSettings_1.StaticMeshComponent0) Trying to register component with IsPendingKill() == true. Aborting.
[2018.02.11-16.14.40:550][  0]LogEditorServer: Finished looking for orphan Actors (0.000 secs)
[2018.02.11-16.14.40:627][  0]Cmd: MAP CHECKDEP NOCLEARLOG
[2018.02.11-16.14.40:688][  0]MapCheck: Info Map check complete: 0 Error(s), 0 Warning(s), took 60.822ms to complete.
[2018.02.11-16.14.40:688][  0]LogFileHelpers: Loading map 'Template_Default' took 0.874
[2018.02.11-16.14.40:948][  0]ModoMaterialImporter: Starting Extension logic
[2018.02.11-16.14.41:173][  0]LogCollectionManager: Loaded 0 collections in 0.001933 seconds
[2018.02.11-16.14.41:335][  0]LogFileCache: Scanning file cache for directory 'C:/Users/Ryan/Desktop/Grav_Comp/Saved/Collections/' took 0.01s
[2018.02.11-16.14.41:335][  0]LogFileCache: Scanning file cache for directory 'C:/Users/Ryan/Desktop/Grav_Comp/Content/Developers/Ryan/Collections/' took 0.01s
[2018.02.11-16.14.41:335][  0]LogFileCache: Scanning file cache for directory 'C:/Users/Ryan/Desktop/Grav_Comp/Content/Collections/' took 0.01s
[2018.02.11-16.14.41:335][  0]LogCollectionManager: Rebuilt the GUID cache for 0 collections in 0.000002 seconds
[2018.02.11-16.14.41:352][  0]LogContentBrowser: Native class hierarchy populated in 0.0128 seconds. Added 2331 classes and 494 folders.
[2018.02.11-16.14.41:462][  0]LogContentBrowser: Native class hierarchy updated for 'WidgetCarousel' in 0.0006 seconds. Added 0 classes and 0 folders.
[2018.02.11-16.14.43:452][  0]LogContentBrowser: Native class hierarchy updated for 'AddContentDialog' in 0.0006 seconds. Added 0 classes and 0 folders.
[2018.02.11-16.14.43:541][  0]LogContentBrowser: Native class hierarchy updated for 'SceneOutliner' in 0.0006 seconds. Added 1 classes and 2 folders.
[2018.02.11-16.14.43:771][  0]LogCrashTracker: Crashtracker disabled due to settings.
[2018.02.11-16.14.43:810][  0]LogSlate: Took 0.007221 seconds to synchronously load lazily loaded font '../../../Engine/Content/Slate/Fonts/Roboto-Regular.ttf' (155K)
[2018.02.11-16.14.43:821][  0]LogSlate: Took 0.007362 seconds to synchronously load lazily loaded font '../../../Engine/Content/Slate/Fonts/Roboto-Bold.ttf' (160K)
[2018.02.11-16.14.43:839][  0]LogSlate: Took 0.007719 seconds to synchronously load lazily loaded font '../../../Engine/Content/Editor/Slate/Fonts/FontAwesome.ttf' (139K)
[2018.02.11-16.14.44:019][  0]LogRenderer: Reallocating scene render targets to support 1616x576 NumSamples 1 (Frame:1).
[2018.02.11-16.14.44:652][  0]LogUObjectGlobals:Warning: Failed to find object 'Class None.'
[2018.02.11-16.14.44:745][  0]LogContentBrowser: Native class hierarchy updated for 'HierarchicalLODOutliner' in 0.0007 seconds. Added 1 classes and 2 folders.
[2018.02.11-16.14.44:745][  0]LogLoad: (Engine Initialization) Total time: 79.82 seconds
[2018.02.11-16.14.44:745][  0]LogLoad: (Engine Initialization) Total Blueprint compile time: 0.31 seconds
[2018.02.11-16.14.44:745][  0]LogExternalProfiler: Found external profiler: VSPerf
[2018.02.11-16.14.44:745][  0]LogExternalProfiler: Using external profiler: VSPerf
[2018.02.11-16.14.45:085][  0]LogOcInput: OculusInput pre-init called
[2018.02.11-16.14.45:104][  0]LogOcInput: OculusInput is initialized. Init status 0. Runtime version: 1.23.0
[2018.02.11-16.14.45:104][  0]LogHMD: Starting GearVRController plugin
[2018.02.11-16.14.45:122][  0]LogContentStreaming: Texture pool size now 1000 MB
[2018.02.11-16.14.45:136][  0]LogSlate: Took 0.000151 seconds to synchronously load lazily loaded font '../../../Engine/Content/Slate/Fonts/Roboto-Light.ttf' (159K)
[2018.02.11-16.14.45:432][  1]LogAssetRegistry: Asset discovery search completed in 40.8511 seconds
[2018.02.11-16.14.45:434][  1]LogCollectionManager: Rebuilt the object cache for 0 collections in 0.000001 seconds (found 0 objects)
[2018.02.11-16.14.45:434][  1]LogCollectionManager: Fixed up redirectors for 0 collections in 0.000042 seconds (updated 0 objects)
[2018.02.11-16.17.06:946][423]LogWindowsTextInputMethodSystem:Display: IME system now deactivated.
[2018.02.11-16.17.07:278][424]Cmd: QUIT_EDITOR
[2018.02.11-16.17.07:422][424]LogExit: Preparing to exit.
[2018.02.11-16.17.07:931][424]LogDirectoryWatcher: A directory notification for 'C:/Users/Ryan/Desktop/Grav_Comp/Content/' was aborted.
[2018.02.11-16.17.07:981][424]LogExit: Editor shut down
[2018.02.11-16.17.07:987][424]LogExit: Transaction tracking system shut down
[2018.02.11-16.17.08:529][424]LogObj: Freed 0b from 0 cluster array pools.
[2018.02.11-16.17.08:529][424]LogExit: Object subsystem successfully closed.
[2018.02.11-16.17.08:623][424]LogD3D11RHI: Shutdown
[2018.02.11-16.17.08:623][424]LogD3D11RHI: CleanupD3DDevice
[2018.02.11-16.17.08:738][424]LogD3D11RHI: ~FD3D11DynamicRHI
[2018.02.11-16.17.08:959][424]LogModuleManager: Shutting down and abandoning module HierarchicalLODOutliner (528)
[2018.02.11-16.17.08:967][424]LogModuleManager: Shutting down and abandoning module CrashTracker (526)
[2018.02.11-16.17.08:967][424]LogModuleManager: Shutting down and abandoning module SceneOutliner (524)
[2018.02.11-16.17.08:967][424]LogModuleManager: Shutting down and abandoning module AddContentDialog (522)
[2018.02.11-16.17.08:970][424]LogDirectoryWatcher: A directory notification for 'C:/Program Files/Epic Games/UE_4.16/FeaturePacks/' was aborted.
[2018.02.11-16.17.08:974][424]LogModuleManager: Shutting down and abandoning module WidgetCarousel (521)
[2018.02.11-16.17.08:974][424]LogModuleManager: Shutting down and abandoning module EditorWidgets (518)
[2018.02.11-16.17.08:974][424]LogModuleManager: Shutting down and abandoning module CollectionManager (516)
[2018.02.11-16.17.08:974][424]LogDirectoryWatcher: A directory notification for 'C:/Users/Ryan/Desktop/Grav_Comp/Content/Collections/' was aborted.
[2018.02.11-16.17.08:974][424]LogDirectoryWatcher: A directory notification for 'C:/Users/Ryan/Desktop/Grav_Comp/Content/Developers/Ryan/Collections/' was aborted.
[2018.02.11-16.17.08:975][424]LogDirectoryWatcher: A directory notification for 'C:/Users/Ryan/Desktop/Grav_Comp/Saved/Collections/' was aborted.
[2018.02.11-16.17.08:975][424]LogModuleManager: Shutting down and abandoning module StatsViewer (514)
[2018.02.11-16.17.08:977][424]LogModuleManager: Shutting down and abandoning module FoliageEdit (512)
[2018.02.11-16.17.08:977][424]LogModuleManager: Shutting down and abandoning module LandscapeEditor (510)
[2018.02.11-16.17.08:985][424]LogModuleManager: Shutting down and abandoning module MeshPaintMode (508)
[2018.02.11-16.17.08:986][424]LogModuleManager: Shutting down and abandoning module SceneDepthPickerMode (506)
[2018.02.11-16.17.08:986][424]LogModuleManager: Shutting down and abandoning module ActorPickerMode (504)
[2018.02.11-16.17.08:986][424]LogModuleManager: Shutting down and abandoning module GeometryMode (502)
[2018.02.11-16.17.08:986][424]LogModuleManager: Shutting down and abandoning module TextureAlignMode (500)
[2018.02.11-16.17.08:986][424]LogModuleManager: Shutting down and abandoning module BspMode (498)
[2018.02.11-16.17.08:987][424]LogModuleManager: Shutting down and abandoning module HardwareSurvey (496)
[2018.02.11-16.17.08:989][424]LogModuleManager: Shutting down and abandoning module SequenceRecorderSections (494)
[2018.02.11-16.17.08:989][424]LogModuleManager: Shutting down and abandoning module AutomationWorker (492)
[2018.02.11-16.17.08:992][424]LogModuleManager: Shutting down and abandoning module MatineeToLevelSequence (490)
[2018.02.11-16.17.08:995][424]LogModuleManager: Shutting down and abandoning module LevelSequenceEditor (488)
[2018.02.11-16.17.09:022][424]LogModuleManager: Shutting down and abandoning module PlacementMode (487)
[2018.02.11-16.17.09:022][424]LogModuleManager: Shutting down and abandoning module WmfMediaFactory (484)
[2018.02.11-16.17.09:022][424]LogModuleManager: Shutting down and abandoning module WmfMediaEditor (482)
[2018.02.11-16.17.09:022][424]LogModuleManager: Shutting down and abandoning module AvfMediaFactory (480)
[2018.02.11-16.17.09:022][424]LogModuleManager: Shutting down and abandoning module AvfMediaEditor (478)
[2018.02.11-16.17.09:022][424]LogModuleManager: Shutting down and abandoning module AndroidMediaFactory (476)
[2018.02.11-16.17.09:022][424]LogModuleManager: Shutting down and abandoning module Media (475)
[2018.02.11-16.17.09:022][424]LogModuleManager: Shutting down and abandoning module AndroidMediaEditor (472)
[2018.02.11-16.17.09:022][424]LogModuleManager: Shutting down and abandoning module CharacterAI (470)
[2018.02.11-16.17.09:022][424]LogModuleManager: Shutting down and abandoning module AudioCapture (468)
[2018.02.11-16.17.09:026][424]LogModuleManager: Shutting down and abandoning module SequenceRecorder (467)
[2018.02.11-16.17.09:031][424]LogModuleManager: Shutting down and abandoning module SmartSnapping (464)
[2018.02.11-16.17.09:031][424]LogModuleManager: Shutting down and abandoning module SessionServices (462)
[2018.02.11-16.17.09:031][424]LogModuleManager: Shutting down and abandoning module ViewportSnapping (460)
[2018.02.11-16.17.09:031][424]LogModuleManager: Shutting down and abandoning module ViewportInteraction (458)
[2018.02.11-16.17.09:031][424]LogModuleManager: Shutting down and abandoning module ClothPainter (456)
[2018.02.11-16.17.09:050][424]LogModuleManager: Shutting down and abandoning module LogVisualizer (454)
[2018.02.11-16.17.09:059][424]LogModuleManager: Shutting down and abandoning module IntroTutorials (452)
[2018.02.11-16.17.09:075][424]LogModuleManager: Shutting down and abandoning module GameProjectGeneration (451)
[2018.02.11-16.17.09:084][424]LogModuleManager: Shutting down and abandoning module EditorLiveStreaming (448)
[2018.02.11-16.17.09:084][424]LogModuleManager: Shutting down and abandoning module IOSPlatformEditor (446)
[2018.02.11-16.17.09:089][424]LogModuleManager: Shutting down and abandoning module HTML5PlatformEditor (444)
[2018.02.11-16.17.09:089][424]LogModuleManager: Shutting down and abandoning module AndroidPlatformEditor (442)
[2018.02.11-16.17.09:089][424]LogModuleManager: Shutting down and abandoning module AndroidDeviceDetection (441)
[2018.02.11-16.17.10:056][424]LogModuleManager: Shutting down and abandoning module IOSRuntimeSettings (438)
[2018.02.11-16.17.10:056][424]LogModuleManager: Shutting down and abandoning module AndroidRuntimeSettings (436)
[2018.02.11-16.17.10:056][424]LogModuleManager: Shutting down and abandoning module InputBindingEditor (434)
[2018.02.11-16.17.10:608][424]LogModuleManager: Shutting down and abandoning module MergeActors (432)
[2018.02.11-16.17.10:612][424]LogModuleManager: Shutting down and abandoning module SizeMap (430)
[2018.02.11-16.17.10:612][424]LogModuleManager: Shutting down and abandoning module TreeMap (428)
[2018.02.11-16.17.10:617][424]LogModuleManager: Shutting down and abandoning module ReferenceViewer (426)
[2018.02.11-16.17.10:621][424]LogModuleManager: Shutting down and abandoning module LocalizationDashboard (424)
[2018.02.11-16.17.10:635][424]LogModuleManager: Shutting down and abandoning module LocalizationService (423)
[2018.02.11-16.17.10:637][424]LogModuleManager: Shutting down and abandoning module HardwareTargeting (420)
[2018.02.11-16.17.10:637][424]LogModuleManager: Shutting down and abandoning module DeviceProfileEditor (418)
[2018.02.11-16.17.10:641][424]LogModuleManager: Shutting down and abandoning module UndoHistory (416)
[2018.02.11-16.17.10:650][424]LogModuleManager: Shutting down and abandoning module UserFeedback (414)
[2018.02.11-16.17.10:650][424]LogModuleManager: Shutting down and abandoning module XmlParser (412)
[2018.02.11-16.17.10:654][424]LogModuleManager: Shutting down and abandoning module Blutility (410)
[2018.02.11-16.17.10:657][424]LogModuleManager: Shutting down and abandoning module ProjectSettingsViewer (408)
[2018.02.11-16.17.10:657][424]LogModuleManager: Shutting down and abandoning module ProjectTargetPlatformEditor (407)
[2018.02.11-16.17.10:657][424]LogModuleManager: Shutting down and abandoning module EditorSettingsViewer (404)
[2018.02.11-16.17.10:657][424]LogModuleManager: Shutting down and abandoning module SettingsEditor (402)
[2018.02.11-16.17.10:674][424]LogModuleManager: Shutting down and abandoning module ProjectLauncher (400)
[2018.02.11-16.17.10:684][424]LogModuleManager: Shutting down and abandoning module SessionFrontend (398)
[2018.02.11-16.17.10:692][424]LogModuleManager: Shutting down and abandoning module ProfilerClient (396)
[2018.02.11-16.17.10:699][424]LogModuleManager: Shutting down and abandoning module DeviceManager (394)
[2018.02.11-16.17.10:705][424]LogModuleManager: Shutting down and abandoning module TargetDeviceServices (393)
[2018.02.11-16.17.10:758][424]LogModuleManager: Shutting down and abandoning module AutomationController (390)
[2018.02.11-16.17.10:761][424]LogModuleManager: Shutting down and abandoning module AutomationWindow (388)
[2018.02.11-16.17.10:770][424]LogModuleManager: Shutting down and abandoning module Layers (386)
[2018.02.11-16.17.10:777][424]LogModuleManager: Shutting down and abandoning module ComponentVisualizers (384)
[2018.02.11-16.17.10:777][424]LogModuleManager: Shutting down and abandoning module DetailCustomizations (382)
[2018.02.11-16.17.10:779][424]LogModuleManager: Shutting down and abandoning module PackagesDialog (380)
[2018.02.11-16.17.10:781][424]LogModuleManager: Shutting down and abandoning module Persona (378)
[2018.02.11-16.17.10:785][424]LogModuleManager: Shutting down and abandoning module AdvancedPreviewScene (377)
[2018.02.11-16.17.10:785][424]LogModuleManager: Shutting down and abandoning module AnimGraph (375)
[2018.02.11-16.17.10:785][424]LogModuleManager: Shutting down and abandoning module Kismet (372)
[2018.02.11-16.17.10:788][424]LogModuleManager: Shutting down and abandoning module ClassViewer (370)
[2018.02.11-16.17.10:788][424]LogModuleManager: Shutting down and abandoning module Toolbox (368)
[2018.02.11-16.17.10:788][424]LogModuleManager: Shutting down and abandoning module ModuleUI (366)
[2018.02.11-16.17.10:790][424]LogModuleManager: Shutting down and abandoning module MovieSceneTools (364)
[2018.02.11-16.17.10:793][424]LogModuleManager: Shutting down and abandoning module OutputLog (362)
[2018.02.11-16.17.10:798][424]LogModuleManager: Shutting down and abandoning module GammaUI (360)
[2018.02.11-16.17.10:800][424]LogModuleManager: Shutting down and abandoning module Documentation (358)
[2018.02.11-16.17.10:800][424]LogModuleManager: Shutting down and abandoning module MovieSceneTracks (356)
[2018.02.11-16.17.10:800][424]LogModuleManager: Shutting down and abandoning module MovieScene (354)
[2018.02.11-16.17.10:800][424]LogModuleManager: Shutting down and abandoning module Niagara (352)
[2018.02.11-16.17.10:800][424]LogModuleManager: Shutting down and abandoning module NiagaraEditor (351)
[2018.02.11-16.17.10:810][424]LogModuleManager: Shutting down and abandoning module StreamingPauseRendering (348)
[2018.02.11-16.17.10:810][424]LogModuleManager: Shutting down and abandoning module AnalyticsET (346)
[2018.02.11-16.17.10:810][424]LogModuleManager: Shutting down and abandoning module PortalServices (344)
[2018.02.11-16.17.10:810][424]LogModuleManager: Shutting down and abandoning module PortalRpc (342)
[2018.02.11-16.17.10:810][424]LogModuleManager: Shutting down and abandoning module MessagingRpc (340)
[2018.02.11-16.17.10:810][424]LogModuleManager: Shutting down and abandoning module AIModule (338)
[2018.02.11-16.17.10:810][424]LogModuleManager: Shutting down and abandoning module GameplayDebugger (337)
[2018.02.11-16.17.10:810][424]LogModuleManager: Shutting down and abandoning module AITestSuite (335)
[2018.02.11-16.17.10:811][424]LogModuleManager: Shutting down and abandoning module ProfilerService (332)
[2018.02.11-16.17.10:987][424]LogModuleManager: Shutting down and abandoning module TaskGraph (330)
[2018.02.11-16.17.10:991][424]LogModuleManager: Shutting down and abandoning module SteamVRController (328)
[2018.02.11-16.17.10:991][424]LogModuleManager: Shutting down and abandoning module SteamVR (326)
[2018.02.11-16.17.10:992][424]LogModuleManager: Shutting down and abandoning module ProceduralMeshComponentEditor (324)
[2018.02.11-16.17.10:994][424]LogModuleManager: Shutting down and abandoning module ProceduralMeshComponent (322)
[2018.02.11-16.17.10:995][424]LogModuleManager: Shutting down and abandoning module OculusLibrary (320)
[2018.02.11-16.17.10:995][424]LogModuleManager: Shutting down and abandoning module OculusInput (318)
[2018.02.11-16.17.10:995][424]LogModuleManager: Shutting down and abandoning module MobilePatchingUtils (316)
[2018.02.11-16.17.10:995][424]LogModuleManager: Shutting down and abandoning module CustomMeshComponent (314)
[2018.02.11-16.17.10:995][424]LogModuleManager: Shutting down and abandoning module CableComponent (312)
[2018.02.11-16.17.10:996][424]LogModuleManager: Shutting down and abandoning module ArchVisCharacter (310)
[2018.02.11-16.17.10:996][424]LogModuleManager: Shutting down and abandoning module AndroidPermission (308)
[2018.02.11-16.17.10:996][424]LogModuleManager: Shutting down and abandoning module MediaPlayerEditor (304)
[2018.02.11-16.17.11:005][424]LogModuleManager: Shutting down and abandoning module ModoMaterialImporter (302)
[2018.02.11-16.17.11:005][424]LogModuleManager: Shutting down and abandoning module HTML5Networking (300)
[2018.02.11-16.17.11:005][424]LogModuleManager: Shutting down and abandoning module AlembicImporter (298)
[2018.02.11-16.17.11:007][424]LogModuleManager: Shutting down and abandoning module AlembicLibrary (297)
[2018.02.11-16.17.11:007][424]LogModuleManager: Shutting down and abandoning module GeometryCache (296)
[2018.02.11-16.17.11:007][424]LogModuleManager: Shutting down and abandoning module GeometryCacheEd (295)
[2018.02.11-16.17.11:007][424]LogModuleManager: Shutting down and abandoning module SuperSearchEditor (290)
[2018.02.11-16.17.11:007][424]LogModuleManager: Shutting down and abandoning module SuperSearch (289)
[2018.02.11-16.17.11:007][424]LogModuleManager: Shutting down and abandoning module SpeedTreeImporter (286)
[2018.02.11-16.17.11:007][424]LogModuleManager: Shutting down and abandoning module PluginBrowser (284)
[2018.02.11-16.17.11:013][424]LogModuleManager: Shutting down and abandoning module MobileLauncherProfileWizard (282)
[2018.02.11-16.17.11:020][424]LogModuleManager: Shutting down and abandoning module VisualStudioSourceCodeAccess (280)
[2018.02.11-16.17.11:021][424]LogModuleManager: Shutting down and abandoning module DesktopPlatform (279)
[2018.02.11-16.17.11:021][424]LogModuleManager: Shutting down and abandoning module UObjectPlugin (276)
[2018.02.11-16.17.11:021][424]LogModuleManager: Shutting down and abandoning module SubversionSourceControl (274)
[2018.02.11-16.17.11:022][424]LogModuleManager: Shutting down and abandoning module PerforceSourceControl (272)
[2018.02.11-16.17.11:025][424]LogModuleManager: Shutting down and abandoning module GitSourceControl (270)
[2018.02.11-16.17.11:030][424]LogModuleManager: Shutting down and abandoning module SourceControl (269)
[2018.02.11-16.17.11:032][424]LogModuleManager: Shutting down and abandoning module LightPropagationVolumeEditor (266)
[2018.02.11-16.17.11:032][424]LogModuleManager: Shutting down and abandoning module PaperTiledImporter (264)
[2018.02.11-16.17.11:032][424]LogModuleManager: Shutting down and abandoning module PaperSpriteSheetImporter (262)
[2018.02.11-16.17.11:032][424]LogModuleManager: Shutting down and abandoning module Paper2DEditor (260)
[2018.02.11-16.17.11:034][424]LogModuleManager: Shutting down and abandoning module MeshPaint (259)
[2018.02.11-16.17.11:035][424]LogModuleManager: Shutting down and abandoning module LevelEditor (257)
[2018.02.11-16.17.11:042][424]LogModuleManager: Shutting down and abandoning module PixelInspectorModule (256)
[2018.02.11-16.17.11:044][424]LogModuleManager: Shutting down and abandoning module MainFrame (254)
[2018.02.11-16.17.11:046][424]LogModuleManager: Shutting down and abandoning module HotReload (253)
[2018.02.11-16.17.11:048][424]LogModuleManager: Shutting down and abandoning module PhysXVehiclesEditor (248)
[2018.02.11-16.17.11:050][424]LogModuleManager: Shutting down and abandoning module PhysXVehicles (246)
[2018.02.11-16.17.11:050][424]LogModuleManager: Shutting down and abandoning module LocationServicesBPLibrary (244)
[2018.02.11-16.17.11:050][424]LogModuleManager: Shutting down and abandoning module ImmediatePhysicsEditor (242)
[2018.02.11-16.17.11:050][424]LogModuleManager: Shutting down and abandoning module ImmediatePhysics (240)
[2018.02.11-16.17.11:052][424]LogModuleManager: Shutting down and abandoning module UdpMessaging (238)
[2018.02.11-16.17.11:153][424]LogModuleManager: Shutting down and abandoning module TcpMessaging (236)
[2018.02.11-16.17.11:254][424]LogModuleManager: Shutting down and abandoning module ModoPlugin (234)
[2018.02.11-16.17.11:254][424]LogModuleManager: Shutting down and abandoning module GameplayTagsEditor (232)
[2018.02.11-16.17.11:258][424]LogModuleManager: Shutting down and abandoning module FacialAnimationEditor (230)
[2018.02.11-16.17.11:259][424]LogModuleManager: Shutting down and abandoning module FacialAnimation (228)
[2018.02.11-16.17.11:259][424]LogModuleManager: Shutting down and abandoning module AssetManagerEditor (226)
[2018.02.11-16.17.11:262][424]LogModuleManager: Shutting down and abandoning module GraphEditor (225)
[2018.02.11-16.17.11:269][424]LogModuleManager: Shutting down and abandoning module ContentBrowser (223)
[2018.02.11-16.17.11:270][424]LogModuleManager: Shutting down and abandoning module LightPropagationVolumeRuntime (220)
[2018.02.11-16.17.11:270][424]LogModuleManager: Shutting down and abandoning module Paper2D (218)
[2018.02.11-16.17.11:272][424]LogModuleManager: Shutting down and abandoning module WindowsMoviePlayer (216)
[2018.02.11-16.17.11:272][424]LogModuleManager: Shutting down and abandoning module WmfMedia (214)
[2018.02.11-16.17.11:275][424]LogModuleManager: Shutting down and abandoning module ClothingSystemEditor (212)
[2018.02.11-16.17.11:275][424]LogModuleManager: Shutting down and abandoning module ClothingSystemRuntime (210)
[2018.02.11-16.17.11:277][424]LogModuleManager: Shutting down and abandoning module MediaAssets (208)
[2018.02.11-16.17.11:277][424]LogModuleManager: Shutting down and abandoning module GameLiveStreaming (206)
[2018.02.11-16.17.11:278][424]LogModuleManager: Shutting down and abandoning module VREditor (204)
[2018.02.11-16.17.11:280][424]LogModuleManager: Shutting down and abandoning module StringTableEditor (202)
[2018.02.11-16.17.11:282][424]LogModuleManager: Shutting down and abandoning module GameplayTasksEditor (200)
[2018.02.11-16.17.11:282][424]LogModuleManager: Shutting down and abandoning module BehaviorTreeEditor (198)
[2018.02.11-16.17.11:289][424]LogModuleManager: Shutting down and abandoning module FunctionalTesting (196)
[2018.02.11-16.17.11:289][424]LogModuleManager: Shutting down and abandoning module CollisionAnalyzer (194)
[2018.02.11-16.17.11:292][424]LogModuleManager: Shutting down and abandoning module UMG (192)
[2018.02.11-16.17.11:293][424]LogModuleManager: Shutting down and abandoning module UMGEditor (191)
[2018.02.11-16.17.11:299][424]LogModuleManager: Shutting down and abandoning module Sequencer (190)
[2018.02.11-16.17.11:303][424]LogModuleManager: Shutting down and abandoning module AssetTools (188)
[2018.02.11-16.17.11:321][424]LogModuleManager: Shutting down and abandoning module MessageLog (187)
[2018.02.11-16.17.11:321][424]LogModuleManager: Shutting down and abandoning module WorkspaceMenuStructure (186)
[2018.02.11-16.17.11:321][424]LogModuleManager: Shutting down and abandoning module SlateReflector (180)
[2018.02.11-16.17.11:328][424]LogModuleManager: Shutting down and abandoning module Slate (178)
[2018.02.11-16.17.11:328][424]LogModuleManager: Shutting down and abandoning module EditorStyle (176)
[2018.02.11-16.17.11:330][424]LogModuleManager: Shutting down and abandoning module SourceCodeAccess (174)
[2018.02.11-16.17.11:330][424]LogModuleManager: Shutting down and abandoning module HeadMountedDisplay (172)
[2018.02.11-16.17.11:330][424]LogModuleManager: Shutting down and abandoning module XAudio2 (170)
[2018.02.11-16.17.11:330][424]LogModuleManager: Shutting down and abandoning module Networking (168)
[2018.02.11-16.17.11:330][424]LogModuleManager: Shutting down and abandoning module Core (164)
[2018.02.11-16.17.11:330][424]LogModuleManager: Shutting down and abandoning module AssetRegistry (162)
[2018.02.11-16.17.11:480][424]LogDirectoryWatcher: A directory notification for '../../../Engine/Content/' was aborted.
[2018.02.11-16.17.11:481][424]LogDirectoryWatcher: A directory notification for '../../../../../../Users/Ryan/Desktop/Grav_Comp/Content/' was aborted.
[2018.02.11-16.17.11:481][424]LogDirectoryWatcher: A directory notification for '../../../Engine/Plugins/2D/Paper2D/Content/' was aborted.
[2018.02.11-16.17.11:481][424]LogDirectoryWatcher: A directory notification for '../../../Engine/Plugins/Runtime/GearVR/Content/' was aborted.
[2018.02.11-16.17.11:485][424]LogModuleManager: Shutting down and abandoning module DirectoryWatcher (161)
[2018.02.11-16.17.11:486][424]LogModuleManager: Shutting down and abandoning module KismetCompiler (158)
[2018.02.11-16.17.11:486][424]LogModuleManager: Shutting down and abandoning module LevelSequence (156)
[2018.02.11-16.17.11:486][424]LogModuleManager: Shutting down and abandoning module PhysXFormats (154)
[2018.02.11-16.17.11:486][424]LogModuleManager: Shutting down and abandoning module MeshUtilities (152)
[2018.02.11-16.17.11:499][424]LogModuleManager: Shutting down and abandoning module SimplygonSwarm (151)
[2018.02.11-16.17.11:518][424]LogModuleManager: Shutting down and abandoning module SimplygonMeshReduction (149)
[2018.02.11-16.17.11:518][424]LogModuleManager: Shutting down and abandoning module QuadricMeshReduction (147)
[2018.02.11-16.17.11:523][424]LogModuleManager: Shutting down and abandoning module DerivedDataCache (144)
[2018.02.11-16.17.11:525][424]LogDerivedDataCache: Shutdown
[2018.02.11-16.17.11:525][424]LogModuleManager: Shutting down and abandoning module TargetPlatform (142)
[2018.02.11-16.17.11:525][424]LogModuleManager: Shutting down and abandoning module VulkanShaderFormat (141)
[2018.02.11-16.17.11:534][424]LogModuleManager: Shutting down and abandoning module ShaderFormatVectorVM (139)
[2018.02.11-16.17.11:538][424]LogModuleManager: Shutting down and abandoning module ShaderFormatOpenGL (137)
[2018.02.11-16.17.11:547][424]LogModuleManager: Shutting down and abandoning module ShaderFormatD3D (135)
[2018.02.11-16.17.11:547][424]LogModuleManager: Shutting down and abandoning module MetalShaderFormat (133)
[2018.02.11-16.17.11:557][424]LogModuleManager: Shutting down and abandoning module TextureFormatUncompressed (131)
[2018.02.11-16.17.11:557][424]LogModuleManager: Shutting down and abandoning module TextureFormatPVR (129)
[2018.02.11-16.17.11:557][424]LogModuleManager: Shutting down and abandoning module TextureFormatDXT (127)
[2018.02.11-16.17.11:557][424]LogModuleManager: Shutting down and abandoning module TextureFormatIntelISPCTexComp (125)
[2018.02.11-16.17.11:557][424]LogModuleManager: Shutting down and abandoning module TextureFormatASTC (123)
[2018.02.11-16.17.11:557][424]LogModuleManager: Shutting down and abandoning module ImageWrapper (122)
[2018.02.11-16.17.11:557][424]LogModuleManager: Shutting down and abandoning module TextureFormatAndroid (119)
[2018.02.11-16.17.11:557][424]LogModuleManager: Shutting down and abandoning module AudioFormatOpus (117)
[2018.02.11-16.17.11:557][424]LogModuleManager: Shutting down and abandoning module AudioFormatOgg (115)
[2018.02.11-16.17.11:557][424]LogModuleManager: Shutting down and abandoning module AudioFormatADPCM (113)
[2018.02.11-16.17.11:557][424]LogModuleManager: Shutting down and abandoning module LinuxTargetPlatform (111)
[2018.02.11-16.17.11:557][424]LogModuleManager: Shutting down and abandoning module LinuxServerTargetPlatform (109)
[2018.02.11-16.17.11:557][424]LogModuleManager: Shutting down and abandoning module LinuxNoEditorTargetPlatform (107)
[2018.02.11-16.17.11:557][424]LogModuleManager: Shutting down and abandoning module LinuxClientTargetPlatform (105)
[2018.02.11-16.17.11:557][424]LogModuleManager: Shutting down and abandoning module TVOSTargetPlatform (103)
[2018.02.11-16.17.11:557][424]LogModuleManager: Shutting down and abandoning module Messaging (101)
[2018.02.11-16.17.11:557][424]LogModuleManager: Shutting down and abandoning module IOSTargetPlatform (99)
[2018.02.11-16.17.11:557][424]LogModuleManager: Shutting down and abandoning module HTML5TargetPlatform (97)
[2018.02.11-16.17.11:558][424]LogModuleManager: Shutting down and abandoning module Android_PVRTCTargetPlatform (95)
[2018.02.11-16.17.11:558][424]LogModuleManager: Shutting down and abandoning module Android_MultiTargetPlatform (93)
[2018.02.11-16.17.11:558][424]LogModuleManager: Shutting down and abandoning module Android_ETC2TargetPlatform (91)
[2018.02.11-16.17.11:558][424]LogModuleManager: Shutting down and abandoning module Android_ETC1TargetPlatform (89)
[2018.02.11-16.17.11:558][424]LogModuleManager: Shutting down and abandoning module Android_DXTTargetPlatform (87)
[2018.02.11-16.17.11:558][424]LogModuleManager: Shutting down and abandoning module Android_ATCTargetPlatform (85)
[2018.02.11-16.17.11:558][424]LogModuleManager: Shutting down and abandoning module Android_ASTCTargetPlatform (83)
[2018.02.11-16.17.11:558][424]LogModuleManager: Shutting down and abandoning module AndroidTargetPlatform (81)
[2018.02.11-16.17.11:558][424]LogModuleManager: Shutting down and abandoning module WindowsTargetPlatform (79)
[2018.02.11-16.17.11:558][424]LogModuleManager: Shutting down and abandoning module WindowsServerTargetPlatform (77)
[2018.02.11-16.17.11:558][424]LogModuleManager: Shutting down and abandoning module WindowsNoEditorTargetPlatform (75)
[2018.02.11-16.17.11:558][424]LogModuleManager: Shutting down and abandoning module WindowsClientTargetPlatform (73)
[2018.02.11-16.17.11:558][424]LogModuleManager: Shutting down and abandoning module MacTargetPlatform (71)
[2018.02.11-16.17.11:558][424]LogModuleManager: Shutting down and abandoning module MacServerTargetPlatform (69)
[2018.02.11-16.17.11:558][424]LogModuleManager: Shutting down and abandoning module MacNoEditorTargetPlatform (67)
[2018.02.11-16.17.11:558][424]LogModuleManager: Shutting down and abandoning module MacClientTargetPlatform (65)
[2018.02.11-16.17.11:558][424]LogModuleManager: Shutting down and abandoning module AllDesktopTargetPlatform (63)
[2018.02.11-16.17.11:558][424]LogModuleManager: Shutting down and abandoning module InputCore (60)
[2018.02.11-16.17.11:558][424]LogModuleManager: Shutting down and abandoning module Settings (58)
[2018.02.11-16.17.11:558][424]LogModuleManager: Shutting down and abandoning module OculusRift (56)
[2018.02.11-16.17.11:559][424]LogHMD: Oculus shutdown.
[2018.02.11-16.17.11:559][424]LogModuleManager: Shutting down and abandoning module GearVRController (54)
[2018.02.11-16.17.11:559][424]LogModuleManager: Shutting down and abandoning module GearVR (52)
[2018.02.11-16.17.11:566][424]LogModuleManager: Shutting down and abandoning module ExampleDeviceProfileSelector (50)
[2018.02.11-16.17.11:566][424]LogModuleManager: Shutting down and abandoning module OnlineBlueprintSupport (48)
[2018.02.11-16.17.11:566][424]LogModuleManager: Shutting down and abandoning module OnlineSubsystem (44)
[2018.02.11-16.17.11:566][424]LogOnline:Display: Unloading online subsystem: NULL
[2018.02.11-16.17.11:572][424]LogModuleManager: Shutting down and abandoning module XMPP (43)
[2018.02.11-16.17.11:578][424]LogModuleManager: Shutting down and abandoning module HTTP (41)
[2018.02.11-16.17.11:578][424]LogHttp:Display: Http module shutting down, but needs to wait on 1 outstanding Http requests:
[2018.02.11-16.17.11:581][424]LogHttp:Display: 	verb=[POST] url=[https://datarouter.ol.epicgames.com/datarouter/api/v1/public/data?SessionID=%7BB9408BD8-4BEA-8E3D-4A70-DD81B95C7842%7D&AppID=UEEditor.Rocket.Release&AppVersion=4.16.3-3561208%2B%2B%2BUE4%2BRelease-4.16&UserID=43f879e24e776349462a0e9bf80fcfba%7C84e75e9b9ef7471683ec0c8f9cdab63e%7Cefd68a3c-d227-47c9-9f31-46fcd2c9b2a8&AppEnvironment=datacollector-binary&UploadType=eteventstream] status=Processing
[2018.02.11-16.17.11:585][424]LogModuleManager: Shutting down and abandoning module SSL (40)
[2018.02.11-16.17.11:588][424]LogModuleManager: Shutting down and abandoning module HTTPChunkInstaller (36)
[2018.02.11-16.17.11:594][424]LogModuleManager: Shutting down and abandoning module AnimationModifiers (34)
[2018.02.11-16.17.11:596][424]LogModuleManager: Shutting down and abandoning module PropertyEditor (33)
[2018.02.11-16.17.11:596][424]LogModuleManager: Shutting down and abandoning module AudioEditor (30)
[2018.02.11-16.17.11:602][424]LogModuleManager: Shutting down and abandoning module TextureCompressor (28)
[2018.02.11-16.17.11:602][424]LogModuleManager: Shutting down and abandoning module ShaderCore (26)
[2018.02.11-16.17.11:602][424]LogModuleManager: Shutting down and abandoning module Landscape (24)
[2018.02.11-16.17.11:602][424]LogModuleManager: Shutting down and abandoning module SlateRHIRenderer (22)
[2018.02.11-16.17.11:608][424]LogModuleManager: Shutting down and abandoning module OpenGLDrv (20)
[2018.02.11-16.17.11:612][424]LogModuleManager: Shutting down and abandoning module D3D11RHI (18)
[2018.02.11-16.17.11:612][424]LogModuleManager: Shutting down and abandoning module AnimGraphRuntime (16)
[2018.02.11-16.17.11:613][424]LogModuleManager: Shutting down and abandoning module Renderer (14)
[2018.02.11-16.17.11:613][424]LogModuleManager: Shutting down and abandoning module Engine (12)
[2018.02.11-16.17.11:613][424]LogModuleManager: Shutting down and abandoning module CoreUObject (10)
[2018.02.11-16.17.11:613][424]LogModuleManager: Shutting down and abandoning module NetworkFile (8)
[2018.02.11-16.17.11:616][424]LogModuleManager: Shutting down and abandoning module StreamingFile (6)
[2018.02.11-16.17.11:616][424]LogModuleManager: Shutting down and abandoning module SandboxFile (4)
[2018.02.11-16.17.11:616][424]LogModuleManager: Shutting down and abandoning module PakFile (2)
[2018.02.11-16.17.11:624][424]LogExit: Exiting.
[2018.02.11-16.17.11:639][424]Log file closed, 02/11/18 16:17:11
