"Start of log file."
<<<<<<< HEAD
"C:/Users/Games/DOCUME~1/GitHub/LEVEL-~2/PROTOT~1/POCKET~1/Assets/Models/VANITY~1/ALIENP~1/ALIENP~1.MAX"
=======
"C:/Users/Games/Desktop/LEVEL-~2/PROTOT~1/POCKET~1/Assets/Models/VANITY~1/ALIENP~1/ALIENP~1.MAX"
>>>>>>> 26d009e008c089fd861ba0701f9fec9348e3b999
"Starting max loading and fbx conversion"
window = undefined
"Settings units"
"Before fbx export"
"After fbx export"
"Finished max loading and fbx conversion"
<<<<<<< HEAD
"C:/Users/Games/DOCUME~1/GitHub/LEVEL-~2/PROTOT~1/POCKET~1/Assets/Models/VANITY~1/WINEGL~1/WINEGL~1.MAX"
=======
"C:/Users/Games/Desktop/LEVEL-~2/PROTOT~1/POCKET~1/Assets/Models/VANITY~1/WINEGL~1/WINEGL~1.MAX"
>>>>>>> 26d009e008c089fd861ba0701f9fec9348e3b999
"Starting max loading and fbx conversion"
window = undefined
"Settings units"
"Before fbx export"
"After fbx export"
"Finished max loading and fbx conversion"
<<<<<<< HEAD
"C:/Users/Games/DOCUME~1/GitHub/LEVEL-~2/PROTOT~1/POCKET~1/Assets/Models/VANITY~1/EYEBAL~1/EYEBAL~1.MAX"
=======
"C:/Users/Games/Desktop/LEVEL-~2/PROTOT~1/POCKET~1/Assets/Models/VANITY~1/EYEBAL~1/EYEBAL~1.MAX"
>>>>>>> 26d009e008c089fd861ba0701f9fec9348e3b999
"Starting max loading and fbx conversion"
window = undefined
"Settings units"
"Before fbx export"
"After fbx export"
"Finished max loading and fbx conversion"
<<<<<<< HEAD
"C:/Users/Games/DOCUME~1/GitHub/LEVEL-~2/PROTOT~1/POCKET~1/Assets/Models/VANITY~1/GIANTP~1/GIANT_~1.MAX"
=======
"C:/Users/Games/Desktop/LEVEL-~2/PROTOT~1/POCKET~1/Assets/Models/VANITY~1/GIANTP~1/GIANT_~1.MAX"
>>>>>>> 26d009e008c089fd861ba0701f9fec9348e3b999
"Starting max loading and fbx conversion"
window = undefined
"Settings units"
"Before fbx export"
"After fbx export"
"Finished max loading and fbx conversion"
<<<<<<< HEAD
"C:/Users/Games/DOCUME~1/GitHub/LEVEL-~2/PROTOT~1/POCKET~1/Assets/Models/VANITY~1/TRIDEN~1/TRIDEN~1.MAX"
=======
"C:/Users/Games/Desktop/LEVEL-~2/PROTOT~1/POCKET~1/Assets/Models/VANITY~1/TRIDEN~1/TRIDEN~1.MAX"
>>>>>>> 26d009e008c089fd861ba0701f9fec9348e3b999
"Starting max loading and fbx conversion"
window = undefined
"Settings units"
"Before fbx export"
"After fbx export"
"Finished max loading and fbx conversion"
<<<<<<< HEAD
"C:/Users/Games/DOCUME~1/GitHub/LEVEL-~2/PROTOT~1/POCKET~1/Assets/Models/VANITY~1/OBSERV~1/OBSERV~1.MAX"
=======
"C:/Users/Games/Desktop/LEVEL-~2/PROTOT~1/POCKET~1/Assets/Models/VANITY~1/OBSERV~1/OBSERV~1.MAX"
>>>>>>> 26d009e008c089fd861ba0701f9fec9348e3b999
"Starting max loading and fbx conversion"
window = undefined
"Settings units"
"Before fbx export"
"After fbx export"
"Finished max loading and fbx conversion"
<<<<<<< HEAD
"C:/Users/Games/DOCUME~1/GitHub/LEVEL-~2/PROTOT~1/POCKET~1/Assets/Models/VANITY~1/TAJMAH~1/TAJMAH~1.MAX"
=======
"C:/Users/Games/Desktop/LEVEL-~2/PROTOT~1/POCKET~1/Assets/Models/VANITY~1/TAJMAH~1/TAJMAH~1.MAX"
>>>>>>> 26d009e008c089fd861ba0701f9fec9348e3b999
"Starting max loading and fbx conversion"
window = undefined
"Settings units"
"Before fbx export"
"After fbx export"
"Finished max loading and fbx conversion"
<<<<<<< HEAD
"C:/Users/Games/DOCUME~1/GitHub/LEVEL-~2/PROTOT~1/POCKET~1/Assets/Models/VANITY~1/HOUSET~1/THE_HO~1.MAX"
=======
"C:/Users/Games/Desktop/LEVEL-~2/PROTOT~1/POCKET~1/Assets/Models/VANITY~1/HOUSET~1/THE_HO~1.MAX"
>>>>>>> 26d009e008c089fd861ba0701f9fec9348e3b999
"Starting max loading and fbx conversion"
window = undefined
"Settings units"
"Before fbx export"
"After fbx export"
"Finished max loading and fbx conversion"
<<<<<<< HEAD
"C:/Users/Games/DOCUME~1/GitHub/LEVEL-~2/PROTOT~1/POCKET~1/Assets/Models/VANITY~1/Starfish/Starfish.max"
=======
"C:/Users/Games/Desktop/LEVEL-~2/PROTOT~1/POCKET~1/Assets/Models/VANITY~1/Starfish/Starfish.max"
>>>>>>> 26d009e008c089fd861ba0701f9fec9348e3b999
"Starting max loading and fbx conversion"
window = undefined
"Settings units"
"Before fbx export"
"After fbx export"
"Finished max loading and fbx conversion"
<<<<<<< HEAD
"C:/Users/Games/DOCUME~1/GitHub/LEVEL-~2/PROTOT~1/POCKET~1/Assets/Models/VANITY~1/CRABSH~1/CRABSH~1.MAX"
=======
"C:/Users/Games/Desktop/LEVEL-~2/PROTOT~1/POCKET~1/Assets/Models/VANITY~1/CRABSH~1/CRABSH~1.MAX"
>>>>>>> 26d009e008c089fd861ba0701f9fec9348e3b999
"Starting max loading and fbx conversion"
window = undefined
"Settings units"
"Before fbx export"
"After fbx export"
"Finished max loading and fbx conversion"
<<<<<<< HEAD
"C:/Users/Games/DOCUME~1/GitHub/LEVEL-~2/PROTOT~1/POCKET~1/Assets/Models/VANITY~1/CRYSTA~1/CRYSTA~1.MAX"
=======
"C:/Users/Games/Desktop/LEVEL-~2/PROTOT~1/POCKET~1/Assets/Models/VANITY~1/CRYSTA~1/CRYSTA~1.MAX"
>>>>>>> 26d009e008c089fd861ba0701f9fec9348e3b999
"Starting max loading and fbx conversion"
window = undefined
"Settings units"
"Before fbx export"
"After fbx export"
"Finished max loading and fbx conversion"
<<<<<<< HEAD
"C:/Users/Games/DOCUME~1/GitHub/LEVEL-~2/PROTOT~1/POCKET~1/Assets/Models/VANITY~1/LANDIN~1/LANDIN~1.MAX"
=======
"C:/Users/Games/Desktop/LEVEL-~2/PROTOT~1/POCKET~1/Assets/Models/VANITY~1/LANDIN~1/LANDIN~1.MAX"
>>>>>>> 26d009e008c089fd861ba0701f9fec9348e3b999
"Starting max loading and fbx conversion"
window = undefined
"Settings units"
"Before fbx export"
"After fbx export"
"Finished max loading and fbx conversion"
<<<<<<< HEAD
"C:/Users/Games/DOCUME~1/GitHub/LEVEL-~2/PROTOT~1/POCKET~1/Assets/Models/VANITY~1/ALIENC~1/ALIENC~1.MAX"
=======
"C:/Users/Games/Desktop/LEVEL-~2/PROTOT~1/POCKET~1/Assets/Models/VANITY~1/ALIENC~1/ALIENC~1.MAX"
>>>>>>> 26d009e008c089fd861ba0701f9fec9348e3b999
"Starting max loading and fbx conversion"
window = undefined
"Settings units"
"Before fbx export"
"After fbx export"
"Finished max loading and fbx conversion"
<<<<<<< HEAD
"C:/Users/Games/DOCUME~1/GitHub/LEVEL-~2/PROTOT~1/POCKET~1/Assets/Models/VANITY~1/FORT&K~1/FORT&K~1.MAX"
=======
"C:/Users/Games/Desktop/LEVEL-~2/PROTOT~1/POCKET~1/Assets/Models/VANITY~1/FORT&K~1/FORT&K~1.MAX"
>>>>>>> 26d009e008c089fd861ba0701f9fec9348e3b999
"Starting max loading and fbx conversion"
window = undefined
"Settings units"
"Before fbx export"
"After fbx export"
"Finished max loading and fbx conversion"
<<<<<<< HEAD
"C:/Users/Games/DOCUME~1/GitHub/LEVEL-~2/PROTOT~1/POCKET~1/Assets/Models/VANITY~1/SATELL~1/SATELL~1.MAX"
=======
"C:/Users/Games/Desktop/LEVEL-~2/PROTOT~1/POCKET~1/Assets/Models/VANITY~1/SATELL~1/SATELL~1.MAX"
>>>>>>> 26d009e008c089fd861ba0701f9fec9348e3b999
"Starting max loading and fbx conversion"
window = undefined
"Settings units"
"Before fbx export"
"After fbx export"
"Finished max loading and fbx conversion"
<<<<<<< HEAD
"C:/Users/Games/DOCUME~1/GitHub/LEVEL-~2/PROTOT~1/POCKET~1/Assets/Models/VANITY~1/ALIENI~1/ALIEN_~1.MAX"
=======
"C:/Users/Games/Desktop/LEVEL-~2/PROTOT~1/POCKET~1/Assets/Models/VANITY~1/ALIENI~1/ALIEN_~1.MAX"
>>>>>>> 26d009e008c089fd861ba0701f9fec9348e3b999
"Starting max loading and fbx conversion"
window = undefined
"Settings units"
"Before fbx export"
"After fbx export"
"Finished max loading and fbx conversion"
<<<<<<< HEAD
"C:/Users/Games/DOCUME~1/GitHub/LEVEL-~2/PROTOT~1/POCKET~1/Assets/Models/VANITY~1/CHEESE~1/CHEESE~1.MAX"
=======
"C:/Users/Games/Desktop/LEVEL-~2/PROTOT~1/POCKET~1/Assets/Models/VANITY~1/CHEESE~1/CHEESE~1.MAX"
>>>>>>> 26d009e008c089fd861ba0701f9fec9348e3b999
"Starting max loading and fbx conversion"
window = undefined
"Settings units"
"Before fbx export"
"After fbx export"
"Finished max loading and fbx conversion"
<<<<<<< HEAD
"C:/Users/Games/DOCUME~1/GitHub/LEVEL-~2/PROTOT~1/POCKET~1/Assets/Models/VANITY~1/Egg/Egg.max"
=======
"C:/Users/Games/Desktop/LEVEL-~2/PROTOT~1/POCKET~1/Assets/Models/VANITY~1/Egg/Egg.max"
>>>>>>> 26d009e008c089fd861ba0701f9fec9348e3b999
"Starting max loading and fbx conversion"
window = undefined
"Settings units"
"Before fbx export"
"After fbx export"
"Finished max loading and fbx conversion"
<<<<<<< HEAD
"C:/Users/Games/DOCUME~1/GitHub/LEVEL-~2/PROTOT~1/POCKET~1/Assets/Models/VANITY~1/SHARKF~1/SHARK_~1.MAX"
=======
"C:/Users/Games/Desktop/LEVEL-~2/PROTOT~1/POCKET~1/Assets/Models/VANITY~1/SHARKF~1/SHARK_~1.MAX"
>>>>>>> 26d009e008c089fd861ba0701f9fec9348e3b999
"Starting max loading and fbx conversion"
window = undefined
"Settings units"
"Before fbx export"
"After fbx export"
"Finished max loading and fbx conversion"
<<<<<<< HEAD
"C:/Users/Games/DOCUME~1/GitHub/LEVEL-~2/PROTOT~1/POCKET~1/Assets/Models/VANITY~1/CRABSH~2/CRABSH~1.MAX"
=======
"C:/Users/Games/Desktop/LEVEL-~2/PROTOT~1/POCKET~1/Assets/Models/VANITY~1/CRABSH~2/CRABSH~1.MAX"
>>>>>>> 26d009e008c089fd861ba0701f9fec9348e3b999
"Starting max loading and fbx conversion"
window = undefined
"Settings units"
"Before fbx export"
"After fbx export"
"Finished max loading and fbx conversion"
<<<<<<< HEAD
"C:/Users/Games/DOCUME~1/GitHub/LEVEL-~2/PROTOT~1/POCKET~1/Assets/Models/VANITY~1/LUCKY3~1/LUCKY3~1.MAX"
=======
"C:/Users/Games/Desktop/LEVEL-~2/PROTOT~1/POCKET~1/Assets/Models/VANITY~1/LUCKY3~1/LUCKY3~1.MAX"
>>>>>>> 26d009e008c089fd861ba0701f9fec9348e3b999
"Starting max loading and fbx conversion"
window = undefined
"Settings units"
"Before fbx export"
"After fbx export"
"Finished max loading and fbx conversion"
<<<<<<< HEAD
"C:/Users/Games/DOCUME~1/GitHub/LEVEL-~2/PROTOT~1/POCKET~1/Assets/Models/VANITY~1/HOTAIR~1/HOT_AI~1.MAX"
=======
"C:/Users/Games/Desktop/LEVEL-~2/PROTOT~1/POCKET~1/Assets/Models/VANITY~1/HOTAIR~1/HOT_AI~1.MAX"
>>>>>>> 26d009e008c089fd861ba0701f9fec9348e3b999
"Starting max loading and fbx conversion"
window = undefined
"Settings units"
"Before fbx export"
"After fbx export"
"Finished max loading and fbx conversion"
